[4m
contracts/Migrations.sol
[24m[1m  6:4  [22m    [33mwarning  [39m  'last_completed_migration' doesn't follow the mixedCase notation    [90mmixedcase[39m
[1m  21:21  [22m  [33mwarning  [39m  'new_address' doesn't follow the mixedCase notation                 [90mmixedcase[39m
[4m
contracts/governance/AccessControl.sol
[24m[1m  105:4  [22m  [33mwarning  [39m  Functions should be in order: constructor, fallback, external, public, internal, private    [90mfunction-order[39m
[1m  129:4  [22m  [33mwarning  [39m  Functions should be in order: constructor, fallback, external, public, internal, private    [90mfunction-order[39m
[1m  153:4  [22m  [33mwarning  [39m  Functions should be in order: constructor, fallback, external, public, internal, private    [90mfunction-order[39m
[1m  161:4  [22m  [33mwarning  [39m  Functions should be in order: constructor, fallback, external, public, internal, private    [90mfunction-order[39m
[4m
contracts/governance/Multisignature.sol
[24m[1m  109:4  [22m  [33mwarning  [39m  Functions should be in order: constructor, fallback, external, public, internal, private    [90mfunction-order[39m
[4m
contracts/libs/ownership/Ownable.sol
[24m[1m  81:4  [22m  [33mwarning  [39m  Functions should be in order: constructor, fallback, external, public, internal, private    [90mfunction-order[39m
[1m  91:4  [22m  [33mwarning  [39m  Functions should be in order: constructor, fallback, external, public, internal, private    [90mfunction-order[39m
[4m
contracts/libs/rbac/Roles.sol
[24m[1m  14:8  [22m  [33mwarning  [39m  'verified_bearer' doesn't follow the mixedCase notation    [90mmixedcase[39m
[4m
contracts/lifecycle/CyclicPausable.sol
[24m[1m  83:27  [22m   [33mwarning  [39m  Avoid using 'block.timestamp'.                                                              [90msecurity/no-block-members[39m
[1m  90:4  [22m    [33mwarning  [39m  Functions should be in order: constructor, fallback, external, public, internal, private    [90mfunction-order[39m
[1m  104:4  [22m   [33mwarning  [39m  Functions should be in order: constructor, fallback, external, public, internal, private    [90mfunction-order[39m
[1m  111:16  [22m  [33mwarning  [39m  Avoid using 'block.timestamp'.                                                              [90msecurity/no-block-members[39m
[1m  118:4  [22m   [33mwarning  [39m  Functions should be in order: constructor, fallback, external, public, internal, private    [90mfunction-order[39m
[1m  131:4  [22m   [33mwarning  [39m  Functions should be in order: constructor, fallback, external, public, internal, private    [90mfunction-order[39m
[4m
contracts/lifecycle/TimePausable.sol
[24m[1m  78:17  [22m   [33mwarning  [39m  Avoid using 'block.timestamp'.    [90msecurity/no-block-members[39m
[1m  107:25  [22m  [33mwarning  [39m  Avoid using 'block.timestamp'.    [90msecurity/no-block-members[39m
[1m  116:20  [22m  [33mwarning  [39m  Avoid using 'block.timestamp'.    [90msecurity/no-block-members[39m
[4m
contracts/platform/Asset.sol
[24m[1m  56:4  [22m    [33mwarning  [39m  'PENDING_AGENT_DATA_APPROVAL' doesn't follow the mixedCase notation                         [90mmixedcase[39m
[1m  57:4  [22m    [33mwarning  [39m  'PENDING_ADMIN_DATA_APPROVAL' doesn't follow the mixedCase notation                         [90mmixedcase[39m
[1m  58:4  [22m    [33mwarning  [39m  'PENDING_AGENT_CONTRACT_APPROVAL' doesn't follow the mixedCase notation                     [90mmixedcase[39m
[1m  59:4  [22m    [33mwarning  [39m  'LIVE' doesn't follow the mixedCase notation                                                [90mmixedcase[39m
[1m  265:59  [22m  [33mwarning  [39m  Avoid using 'block.timestamp'.                                                              [90msecurity/no-block-members[39m
[1m  369:29  [22m  [33mwarning  [39m  Avoid using 'block.timestamp'.                                                              [90msecurity/no-block-members[39m
[1m  385:4  [22m   [33mwarning  [39m  Functions should be in order: constructor, fallback, external, public, internal, private    [90mfunction-order[39m
[1m  393:4  [22m   [33mwarning  [39m  Functions should be in order: constructor, fallback, external, public, internal, private    [90mfunction-order[39m
[1m  401:4  [22m   [33mwarning  [39m  Functions should be in order: constructor, fallback, external, public, internal, private    [90mfunction-order[39m
[1m  409:4  [22m   [33mwarning  [39m  Functions should be in order: constructor, fallback, external, public, internal, private    [90mfunction-order[39m
[4m
contracts/platform/FeeManager.sol
[24m[1m  151:4  [22m  [33mwarning  [39m  Functions should be in order: constructor, fallback, external, public, internal, private    [90mfunction-order[39m
[1m  160:4  [22m  [33mwarning  [39m  Functions should be in order: constructor, fallback, external, public, internal, private    [90mfunction-order[39m
[1m  168:4  [22m  [33mwarning  [39m  Functions should be in order: constructor, fallback, external, public, internal, private    [90mfunction-order[39m
[4m
contracts/platform/RankTracker.sol
[24m[1m  98:34  [22m   [33mwarning  [39m  Avoid using 'block.timestamp'.                                                              [90msecurity/no-block-members[39m
[1m  110:12  [22m  [33mwarning  [39m  Avoid using 'block.timestamp'.                                                              [90msecurity/no-block-members[39m
[1m  112:41  [22m  [33mwarning  [39m  Avoid using 'block.timestamp'.                                                              [90msecurity/no-block-members[39m
[1m  132:12  [22m  [33mwarning  [39m  Avoid using 'block.timestamp'.                                                              [90msecurity/no-block-members[39m
[1m  134:42  [22m  [33mwarning  [39m  Avoid using 'block.timestamp'.                                                              [90msecurity/no-block-members[39m
[1m  151:4  [22m   [33mwarning  [39m  Functions should be in order: constructor, fallback, external, public, internal, private    [90mfunction-order[39m
[4m
contracts/platform/Ticker.sol
[24m[1m  23:78  [22m   [33mwarning  [39m  Avoid using 'block.timestamp'.                           [90msecurity/no-block-members[39m
[1m  52:19  [22m   [33mwarning  [39m  Avoid using 'block.timestamp'.                           [90msecurity/no-block-members[39m
[1m  58:19  [22m   [33mwarning  [39m  Avoid using 'block.timestamp'.                           [90msecurity/no-block-members[39m
[1m  64:19  [22m   [33mwarning  [39m  Avoid using 'block.timestamp'.                           [90msecurity/no-block-members[39m
[1m  103:4  [22m   [33mwarning  [39m  FunctionDeclaration must be succeeded by 1 blank line    [90mblank-lines[39m
[1m  122:4  [22m   [33mwarning  [39m  FunctionDeclaration must be succeeded by 1 blank line    [90mblank-lines[39m
[1m  128:15  [22m  [33mwarning  [39m  Avoid using 'block.timestamp'.                           [90msecurity/no-block-members[39m
[4m
contracts/platform/TickerDecentralized.sol
[24m[1m  16:70  [22m   [33mwarning  [39m  Avoid using 'block.timestamp'.                        [90msecurity/no-block-members[39m
[1m  124:4  [22m   [33mwarning  [39m  '__callback' doesn't follow the mixedCase notation    [90mmixedcase[39m
[1m  128:20  [22m  [33mwarning  [39m  Avoid using 'block.timestamp'.                        [90msecurity/no-block-members[39m
[4m
contracts/platform/interfaces/IAsset.sol
[24m[1m  29:4  [22m  [33mwarning  [39m  Functions should be in order: constructor, fallback, external, public, internal, private    [90mfunction-order[39m
[1m  30:4  [22m  [33mwarning  [39m  Functions should be in order: constructor, fallback, external, public, internal, private    [90mfunction-order[39m
[1m  31:4  [22m  [33mwarning  [39m  Functions should be in order: constructor, fallback, external, public, internal, private    [90mfunction-order[39m
[4m
contracts/platform/interfaces/IRankTracker.sol
[24m[1m  18:4  [22m  [33mwarning  [39m  Functions should be in order: constructor, fallback, external, public, internal, private    [90mfunction-order[39m
[4m
contracts/platform/kyc/DocsTracker.sol
[24m[1m  60:16  [22m   [33mwarning  [39m  Function "validateSignature": in case of more than 3 arguments, drop each into its own line.    [90marg-overflow[39m
[1m  128:16  [22m  [33mwarning  [39m  '_idx_r' doesn't follow the mixedCase notation                                                  [90mmixedcase[39m
[4m
contracts/token/Asset/BaseAssetToken.sol
[24m[1m  25:4  [22m  [33mwarning  [39m  Constant name 'decimals' doesn't follow the UPPER_CASE notation                             [90muppercase[39m
[1m  26:4  [22m  [33mwarning  [39m  Constant name 'version' doesn't follow the UPPER_CASE notation                              [90muppercase[39m
[1m  27:4  [22m  [33mwarning  [39m  Constant name 'provenance' doesn't follow the UPPER_CASE notation                           [90muppercase[39m
[1m  68:4  [22m  [33mwarning  [39m  Functions should be in order: constructor, fallback, external, public, internal, private    [90mfunction-order[39m
[4m
contracts/token/Platform/PlatformToken.sol
[24m[1m  17:4  [22m  [33mwarning  [39m  Constant name 'decimals' doesn't follow the UPPER_CASE notation                             [90muppercase[39m
[1m  18:4  [22m  [33mwarning  [39m  Constant name 'version' doesn't follow the UPPER_CASE notation                              [90muppercase[39m
[1m  19:4  [22m  [33mwarning  [39m  Constant name 'provenance' doesn't follow the UPPER_CASE notation                           [90muppercase[39m
[1m  32:4  [22m  [33mwarning  [39m  Functions should be in order: constructor, fallback, external, public, internal, private    [90mfunction-order[39m
[4m
contracts/whitelist/AssetWhitelist.sol
[24m[1m  72:4  [22m  [33mwarning  [39m  FunctionDeclaration must be succeeded by 1 blank line    [90mblank-lines[39m

[31m✖ [39m[31m63 warnings[39m[31m found.

[39m